<?xml version="1.0" encoding="utf-8"?><testsuite errors="0" failures="0" name="pytest" skips="0" tests="7" time="5.306"><testcase classname="test_submit" file="test_submit.py" line="11" name="test_modules" time="0.0009996891021728516"></testcase><testcase classname="test_submit" file="test_submit.py" line="17" name="test_q_1" time="1.0828194618225098"></testcase><testcase classname="test_submit" file="test_submit.py" line="20" name="test_q_2" time="1.0498392581939697"></testcase><testcase classname="test_submit" file="test_submit.py" line="23" name="test_q_3" time="0.003004312515258789"><system-out>20
</system-out></testcase><testcase classname="test_submit" file="test_submit.py" line="47" name="test_q_4" time="1.0429675579071045"></testcase><testcase classname="test_submit" file="test_submit.py" line="61" name="test_q_5" time="1.0475847721099854"></testcase><testcase classname="test_submit" file="test_submit.py" line="75" name="test_q_6" time="1.0192415714263916"></testcase></testsuite>