<?xml version="1.0" encoding="utf-8"?><testsuite errors="0" failures="0" name="pytest" skips="0" tests="7" time="9.301"><testcase classname="test_submit" file="test_submit.py" line="11" name="test_modules" time="0.0009515285491943359"></testcase><testcase classname="test_submit" file="test_submit.py" line="17" name="test_q_1" time="1.5589754581451416"></testcase><testcase classname="test_submit" file="test_submit.py" line="20" name="test_q_2" time="1.5249581336975098"></testcase><testcase classname="test_submit" file="test_submit.py" line="23" name="test_q_3" time="0.0029692649841308594"><system-out>20
</system-out></testcase><testcase classname="test_submit" file="test_submit.py" line="47" name="test_q_4" time="1.5429763793945312"></testcase><testcase classname="test_submit" file="test_submit.py" line="61" name="test_q_5" time="1.537975788116455"></testcase><testcase classname="test_submit" file="test_submit.py" line="75" name="test_q_6" time="1.5280237197875977"></testcase></testsuite>